Determining if the pthread_create exist failed with the following output:
Change Dir: /home/nvidia/Venkat/OpenCV-tutorials/build/CMakeFiles/CMakeTmp

Run Build Command:"/usr/bin/make" "cmTC_63c83/fast"
/usr/bin/make -f CMakeFiles/cmTC_63c83.dir/build.make CMakeFiles/cmTC_63c83.dir/build
make[1]: Entering directory '/home/nvidia/Venkat/OpenCV-tutorials/build/CMakeFiles/CMakeTmp'
Building C object CMakeFiles/cmTC_63c83.dir/CheckSymbolExists.c.o
/usr/bin/cc   -fPIC    -o CMakeFiles/cmTC_63c83.dir/CheckSymbolExists.c.o   -c /home/nvidia/Venkat/OpenCV-tutorials/build/CMakeFiles/CMakeTmp/CheckSymbolExists.c
Linking C executable cmTC_63c83
/usr/bin/cmake -E cmake_link_script CMakeFiles/cmTC_63c83.dir/link.txt --verbose=1
/usr/bin/cc -fPIC     -rdynamic CMakeFiles/cmTC_63c83.dir/CheckSymbolExists.c.o  -o cmTC_63c83 
CMakeFiles/cmTC_63c83.dir/CheckSymbolExists.c.o: In function `main':
CheckSymbolExists.c:(.text+0x14): undefined reference to `pthread_create'
CheckSymbolExists.c:(.text+0x18): undefined reference to `pthread_create'
collect2: error: ld returned 1 exit status
CMakeFiles/cmTC_63c83.dir/build.make:97: recipe for target 'cmTC_63c83' failed
make[1]: *** [cmTC_63c83] Error 1
make[1]: Leaving directory '/home/nvidia/Venkat/OpenCV-tutorials/build/CMakeFiles/CMakeTmp'
Makefile:126: recipe for target 'cmTC_63c83/fast' failed
make: *** [cmTC_63c83/fast] Error 2

File /home/nvidia/Venkat/OpenCV-tutorials/build/CMakeFiles/CMakeTmp/CheckSymbolExists.c:
/* */
#include <pthread.h>

int main(int argc, char** argv)
{
  (void)argv;
#ifndef pthread_create
  return ((int*)(&pthread_create))[argc];
#else
  (void)argc;
  return 0;
#endif
}

Determining if the function pthread_create exists in the pthreads failed with the following output:
Change Dir: /home/nvidia/Venkat/OpenCV-tutorials/build/CMakeFiles/CMakeTmp

Run Build Command:"/usr/bin/make" "cmTC_fb532/fast"
/usr/bin/make -f CMakeFiles/cmTC_fb532.dir/build.make CMakeFiles/cmTC_fb532.dir/build
make[1]: Entering directory '/home/nvidia/Venkat/OpenCV-tutorials/build/CMakeFiles/CMakeTmp'
Building C object CMakeFiles/cmTC_fb532.dir/CheckFunctionExists.c.o
/usr/bin/cc   -fPIC -DCHECK_FUNCTION_EXISTS=pthread_create   -o CMakeFiles/cmTC_fb532.dir/CheckFunctionExists.c.o   -c /usr/share/cmake-3.10/Modules/CheckFunctionExists.c
Linking C executable cmTC_fb532
/usr/bin/cmake -E cmake_link_script CMakeFiles/cmTC_fb532.dir/link.txt --verbose=1
/usr/bin/cc -fPIC -DCHECK_FUNCTION_EXISTS=pthread_create    -rdynamic CMakeFiles/cmTC_fb532.dir/CheckFunctionExists.c.o  -o cmTC_fb532 -lpthreads 
/usr/bin/ld: cannot find -lpthreads
collect2: error: ld returned 1 exit status
CMakeFiles/cmTC_fb532.dir/build.make:97: recipe for target 'cmTC_fb532' failed
make[1]: *** [cmTC_fb532] Error 1
make[1]: Leaving directory '/home/nvidia/Venkat/OpenCV-tutorials/build/CMakeFiles/CMakeTmp'
Makefile:126: recipe for target 'cmTC_fb532/fast' failed
make: *** [cmTC_fb532/fast] Error 2


